


ARM Macro Assembler    Page 1 


    1 00000000                 GET              defines.s
    1 00000000         ; Standard definitions of Mode bits and Interrupt (I & F
                       ) flags in PSRs
    2 00000000         
    3 00000000 00000010 
                       Mode_USR
                               EQU              0x10
    4 00000000 00000011 
                       Mode_FIQ
                               EQU              0x11
    5 00000000 00000012 
                       Mode_IRQ
                               EQU              0x12
    6 00000000 00000013 
                       Mode_SVC
                               EQU              0x13
    7 00000000 00000017 
                       Mode_ABT
                               EQU              0x17
    8 00000000 0000001B 
                       Mode_UND
                               EQU              0x1B
    9 00000000 0000001F 
                       Mode_SYS
                               EQU              0x1F
   10 00000000         
   11 00000000 00000080 
                       I_Bit   EQU              0x80        ; when I bit is set
                                                            , IRQ is disabled
   12 00000000 00000040 
                       F_Bit   EQU              0x40        ; when F bit is set
                                                            , FIQ is disabled
   13 00000000         
   14 00000000         ; Internal Memory Base Addresses
   15 00000000 00100000 
                       FLASH_BASE
                               EQU              0x00100000
   16 00000000 00200000 
                       RAM_BASE
                               EQU              0x00200000
   17 00000000         
   18 00000000 00000000 
                       UND_Stack_Size
                               EQU              0x00000000
   19 00000000 00000008 
                       SVC_Stack_Size
                               EQU              0x00000008
   20 00000000 00000000 
                       ABT_Stack_Size
                               EQU              0x00000000
   21 00000000 00000000 
                       FIQ_Stack_Size
                               EQU              0x00000000
   22 00000000 00000080 
                       IRQ_Stack_Size
                               EQU              0x00000080
   23 00000000 00000400 
                       USR_Stack_Size
                               EQU              0x00000400



ARM Macro Assembler    Page 2 


   24 00000000         
   26 00000000 00000088 
                       ISR_Stack_Size
                               EQU              (UND_Stack_Size + SVC_Stack_Siz
e + ABT_Stack_Size +                           FIQ_Stack_Size + IRQ_Stack_Size
)
   27 00000000         
   28 00000000 00000000 
                       Heap_Size
                               EQU              0x00000000
   29 00000000         
   30 00000000         
   31 00000000         
   32 00000000         ; Reset Controller (RSTC) definitions
   33 00000000 FFFFFD00 
                       RSTC_BASE
                               EQU              0xFFFFFD00  ; RSTC Base Address
                                                            
   34 00000000 00000008 
                       RSTC_MR EQU              0x08        ; RSTC_MR Offset
   35 00000000         
   36 00000000         
   37 00000000 00000001 
                       RSTC_SETUP
                               EQU              1
   38 00000000 A5000401 
                       RSTC_MR_Val
                               EQU              0xA5000401
   39 00000000         
   40 00000000         
   41 00000000         ; Embedded Flash Controller (EFC) definitions
   42 00000000 FFFFFF00 
                       EFC_BASE
                               EQU              0xFFFFFF00  ; EFC Base Address
   43 00000000 00000060 
                       EFC0_FMR
                               EQU              0x60        ; EFC0_FMR Offset
   44 00000000 00000070 
                       EFC1_FMR
                               EQU              0x70        ; EFC1_FMR Offset
   45 00000000         
   46 00000000 00000001 
                       EFC0_SETUP
                               EQU              1
   47 00000000 00320100 
                       EFC0_FMR_Val
                               EQU              0x00320100
   48 00000000         
   49 00000000 00000000 
                       EFC1_SETUP
                               EQU              0
   50 00000000 00320100 
                       EFC1_FMR_Val
                               EQU              0x00320100
   51 00000000         
   52 00000000         
   53 00000000         ; Watchdog Timer (WDT) definitions
   54 00000000 FFFFFD40 
                       WDT_BASE



ARM Macro Assembler    Page 3 


                               EQU              0xFFFFFD40  ; WDT Base Address
   55 00000000 00000004 
                       WDT_MR  EQU              0x04        ; WDT_MR Offset
   56 00000000 00000001 
                       WDT_SETUP
                               EQU              1
   57 00000000 00008000 
                       WDT_MR_Val
                               EQU              0x00008000
   58 00000000         
   59 00000000         ; Power Mangement Controller (PMC) definitions
   60 00000000 FFFFFC00 
                       PMC_BASE
                               EQU              0xFFFFFC00  ; PMC Base Address
   61 00000000 00000010 
                       PMC_PCER
                               EQU              0x10
   62 00000000 00000020 
                       PMC_MOR EQU              0x20        ; PMC_MOR Offset
   63 00000000 00000024 
                       PMC_MCFR
                               EQU              0x24        ; PMC_MCFR Offset
   64 00000000 0000002C 
                       PMC_PLLR
                               EQU              0x2C        ; PMC_PLLR Offset
   65 00000000 00000030 
                       PMC_MCKR
                               EQU              0x30        ; PMC_MCKR Offset
   66 00000000 00000068 
                       PMC_SR  EQU              0x68        ; PMC_SR Offset
   67 00000000 00000001 
                       PMC_MOSCEN
                               EQU              (1<<0)      ; Main Oscillator E
                                                            nable
   68 00000000 00000002 
                       PMC_OSCBYPASS
                               EQU              (1<<1)      ; Main Oscillator B
                                                            ypass
   69 00000000 0000FF00 
                       PMC_OSCOUNT
                               EQU              (0xFF<<8)   ; Main OScillator S
                                                            tart-up Time
   70 00000000 000000FF 
                       PMC_DIV EQU              (0xFF<<0)   ; PLL Divider
   71 00000000 00003F00 
                       PMC_PLLCOUNT
                               EQU              (0x3F<<8)   ; PLL Lock Counter
   72 00000000 0000C000 
                       PMC_OUT EQU              (0x03<<14)  ; PLL Clock Frequen
                                                            cy Range
   73 00000000 07FF0000 
                       PMC_MUL EQU              (0x7FF<<16) ; PLL Multiplier
   74 00000000 30000000 
                       PMC_USBDIV
                               EQU              (0x03<<28)  ; USB Clock Divider
                                                            
   75 00000000 00000003 
                       PMC_CSS EQU              (3<<0)      ; Clock Source Sele
                                                            ction



ARM Macro Assembler    Page 4 


   76 00000000 0000001C 
                       PMC_PRES
                               EQU              (7<<2)      ; Prescaler Selecti
                                                            on
   77 00000000 00000001 
                       PMC_MOSCS
                               EQU              (1<<0)      ; Main Oscillator S
                                                            table
   78 00000000 00000004 
                       PMC_LOCK
                               EQU              (1<<2)      ; PLL Lock Status
   79 00000000 00000008 
                       PMC_MCKRDY
                               EQU              (1<<3)      ; Master Clock Stat
                                                            us
   80 00000000 00000001 
                       PMC_SETUP
                               EQU              1
   81 00000000 00000601 
                       PMC_MOR_Val
                               EQU              0x00000601
   82 00000000 00191C05 
                       PMC_PLLR_Val
                               EQU              0x00191C05
   83 00000000 00000007 
                       PMC_MCKR_Val
                               EQU              0x00000007
   84 00000000         
   85 00000000         
   86 00000000         ; Адреса периферийных устройств
   87 00000000 FFFFF400 
                       PIOA_BASE
                               EQU              0xFFFFF400  ; Порт "А"
   88 00000000 FFFFF600 
                       PIOB_BASE
                               EQU              0xFFFFF600  ; Порт "В"
   89 00000000 FFFFF200 
                       DBGU_BASE
                               EQU              0xFFFFF200  ; Отладочный UART
   90 00000000         
   91 00000000         ; Смещения регистров периферийных устройств
   92 00000000         
   93 00000000         ; Порты ввода-выводы
   94 00000000 00000004 
                       PIO_PDR EQU              0x0004
   95 00000000 00000010 
                       PIO_OER EQU              0x0010
   96 00000000 00000014 
                       PIO_ODR EQU              0x0014
   97 00000000 00000024 
                       PIO_IFDR
                               EQU              0x0024
   98 00000000 00000030 
                       PIO_SODR
                               EQU              0x0030
   99 00000000 00000034 
                       PIO_CODR
                               EQU              0x0034
  100 00000000 00000070 



ARM Macro Assembler    Page 5 


                       PIO_ASR EQU              0x0070
  101 00000000 00000074 
                       PIO_BSR EQU              0x0074
  102 00000000         
  103 00000000         ; Отладочный UART
  104 00000000         
  105 00000000 00000000 
                       DBGU_CR EQU              0x00000000
  106 00000000 00000004 
                       DBGU_MR EQU              0x00000004
  107 00000000 00000014 
                       DBGU_CSR
                               EQU              0x00000014
  108 00000000 0000001C 
                       DBGU_THR
                               EQU              0x0000001C
  109 00000000 0000000C 
                       DBGU_IDR
                               EQU              0x0000000C
  110 00000000 00000020 
                       DBGU_BRGR
                               EQU              0x00000020
  111 00000000         
  112 00000000         ; DMA для отладочного UART'a
  113 00000000         
  114 00000000 FFFFF300 
                       DBGU_PDC_BASE
                               EQU              0xFFFFF300
  115 00000000 00000020 
                       DBGU_PDC_PTCR
                               EQU              0x00000020
  116 00000000         
  117 00000000         ; USART0
  118 00000000         
  119 00000000 FFFC0000 
                       USART0_BASE
                               EQU              0xFFFC0000
  120 00000000 00000000 
                       USART_CR
                               EQU              0x0000
  121 00000000 00000004 
                       USART_MR
                               EQU              0x0004
  122 00000000 00000014 
                       USART_CSR
                               EQU              0x0014
  123 00000000 0000001C 
                       USART_THR
                               EQU              0x001C
  124 00000000 00000020 
                       USART_BRGR
                               EQU              0x0020
  125 00000000 0000000C 
                       USART_IDR
                               EQU              0x000C
  126 00000000         
  127 00000000         ; AIC
  128 00000000         
  129 00000000 FFFFF000 



ARM Macro Assembler    Page 6 


                       AIC_BASE
                               EQU              0xFFFFF000
  130 00000000 00000004 
                       AIC_SMR1
                               EQU              0x0004
  131 00000000 00000084 
                       AIC_SVR1
                               EQU              0x0084
  132 00000000 00000110 
                       AIC_IMR EQU              0x0110
  133 00000000 00000120 
                       AIC_IECR
                               EQU              0x0120
  134 00000000 00000128 
                       AIC_ICCR
                               EQU              0x0128
  135 00000000 00000130 
                       AIC_EOICR
                               EQU              0x0130
  136 00000000         
  137 00000000         ; PIT
  138 00000000 FFFFFD30 
                       PIT_BASE
                               EQU              0xFFFFFD30
  139 00000000 00000000 
                       PIT_MR  EQU              0x00
  140 00000000 00000004 
                       PIT_SR  EQU              0x04
  141 00000000 00000008 
                       PIT_PIVR
                               EQU              0x08
  142 00000000 0000000C 
                       PIT_PIIR
                               EQU              0x0C
  143 00000000         
  144 00000000         
  145 00000000         
  146 00000000                 END
    2 00000000                 AREA             Util, CODE, READONLY, ALIGN=3
    3 00000000         
    4 00000000         BLINKDELAY
                               PROC
    5 00000000         
    6 00000000 E52DE004        PUSH             {LR}
    7 00000004 E52D0004        PUSH             {R0}
    8 00000008 E52D1004        PUSH             {R1}
    9 0000000C         
   10 0000000C E3A00064        MOV              R0, #100
   11 00000010 E1A00400        LSL              R0, #8
   12 00000014         DELAY_1
   13 00000014 E2400001        SUB              R0, #1
   14 00000018         ;MOV R1, #200
   15 00000018 E3A01032        MOV              R1, #50
   16 0000001C         
   17 0000001C         DELAY_2
   18 0000001C E2411001        SUB              R1, #1
   19 00000020 E3510000        CMP              R1, #0
   20 00000024 1AFFFFFC        BNE              DELAY_2
   21 00000028         



ARM Macro Assembler    Page 7 


   22 00000028 E3500000        CMP              R0,#0
   23 0000002C 1AFFFFF8        BNE              DELAY_1
   24 00000030         
   25 00000030 E49D1004        POP              {R1}
   26 00000034 E49D0004        POP              {R0}
   27 00000038 E49DF004        POP              {PC}
   28 0000003C         
   29 0000003C                 ENDP
   30 0000003C         
   31 0000003C         ; Отправка символа по UART
   32 0000003C         ; ВХОД: R2 - отправляемый символ
   33 0000003C         UART_SEND_CHR
                               PROC
   34 0000003C         
   35 0000003C E52DE004        PUSH             {LR}
   36 00000040 E52D0004        PUSH             {R0}
   37 00000044 E52D1004        PUSH             {R1}
   38 00000048 E52D2004        PUSH             {R2}
   39 0000004C         
   40 0000004C E59F0150        LDR              R0, =USART0_BASE
   41 00000050 E1A01002        MOV              R1, R2
   42 00000054 E580101C        STR              R1, [R0, #USART_THR]
   43 00000058         
   44 00000058         ; Дожидаемся окончания отправки
   45 00000058         
   46 00000058         WAIT_SENT
   47 00000058 E0200000        EOR              R0, R0
   48 0000005C E2400701        ADD              R0, #USART0_BASE
   49 00000060 E2800014        ADD              R0, #USART_CSR
   50 00000064 E5901000        LDR              R1, [R0]
   51 00000068 E3A02001        MOV              R2, #1
   52 0000006C E1A02482        LSL              R2, #9
   53 00000070 E1110002        TST              R1, R2      ; бит "передача зав
                                                            ершена"
   54 00000074 0AFFFFF7        BEQ              WAIT_SENT
   55 00000078         
   56 00000078 E49D2004        POP              {R2}
   57 0000007C E49D1004        POP              {R1}
   58 00000080 E49D0004        POP              {R0}
   59 00000084 E49DF004        POP              {PC}
   60 00000088         
   61 00000088                 ENDP
   62 00000088         
   63 00000088         
   64 00000088         ; Отправка строки по UART
   65 00000088         ; ВХОД: R0 - адрес строки
   66 00000088         UART_SEND_STR
                               PROC
   67 00000088         
   68 00000088 E52DE004        PUSH             {LR}
   69 0000008C E52D0004        PUSH             {R0}
   70 00000090 E52D1004        PUSH             {R1}
   71 00000094 E52D2004        PUSH             {R2}
   72 00000098         
   73 00000098         
   74 00000098         NEXT_CHR
   75 00000098 E5D02000        LDRB             R2, [R0]
   76 0000009C E3520000        CMP              R2, #0
   77 000000A0 0A000002        BEQ              STR_END



ARM Macro Assembler    Page 8 


   78 000000A4 EBFFFFFE        BL               UART_SEND_CHR
   79 000000A8 E2800001        ADD              R0, #1
   80 000000AC EAFFFFF9        B                NEXT_CHR
   81 000000B0         STR_END
   82 000000B0 E49D2004        POP              {R2}
   83 000000B4 E49D1004        POP              {R1}
   84 000000B8 E49D0004        POP              {R0}
   85 000000BC E49DF004        POP              {PC}
   86 000000C0                 ENDP
   87 000000C0         
   88 000000C0         ; Send HEX digit to UART
   89 000000C0         ; INPUT: R2 as DIGIT
   90 000000C0         WRITE_DIGIT_HEX
   91 000000C0 E52DE004        PUSH             {LR}
   92 000000C4 E52D2004        PUSH             {R2}
   93 000000C8         
   94 000000C8 E202200F        AND              R2, #0x0F
   95 000000CC E3520009        CMP              R2, #0x09
   96 000000D0 CA000003        BGT              GREATER_THAN9
   97 000000D4 E2822030        ADD              R2, #0x30
   98 000000D8 EBFFFFFE        BL               UART_SEND_CHR
   99 000000DC         
  100 000000DC E49D2004        POP              {R2}
  101 000000E0 E49DF004        POP              {PC}
  102 000000E4         
  103 000000E4         GREATER_THAN9
  104 000000E4 E2822037        ADD              R2, #0x37
  105 000000E8 EBFFFFFE        BL               UART_SEND_CHR
  106 000000EC E49D2004        POP              {R2}
  107 000000F0 E49DF004        POP              {PC}
  108 000000F4         
  109 000000F4         ; R2 - byte to write
  110 000000F4         WRITE_BYTE_HEX
  111 000000F4 E52DE004        PUSH             {LR}
  112 000000F8 E52D1004        PUSH             {R1}
  113 000000FC E52D2004        PUSH             {R2}
  114 00000100         
  115 00000100 E0211001        EOR              R1, R1
  116 00000104 E1A01002        MOV              R1, R2
  117 00000108 E52D1004        PUSH             {R1}
  118 0000010C E52D2004        PUSH             {R2}
  119 00000110 E1A02222        LSR              R2, #4
  120 00000114 EBFFFFE9        BL               WRITE_DIGIT_HEX
  121 00000118 E49D2004        POP              {R2}
  122 0000011C E49D1004        POP              {R1}
  123 00000120 E1A02001        MOV              R2, R1
  124 00000124 EBFFFFE5        BL               WRITE_DIGIT_HEX
  125 00000128         
  126 00000128 E49D2004        POP              {R2}
  127 0000012C E49D1004        POP              {R1}
  128 00000130 E49DF004        POP              {PC}
  129 00000134         
  130 00000134         DisablePIT
                               PROC
  131 00000134         
  132 00000134 E52DE004        PUSH             {LR}
  133 00000138 E52D0004        PUSH             {R0}
  134 0000013C E52D1004        PUSH             {R1}
  135 00000140 E52D2004        PUSH             {R2}



ARM Macro Assembler    Page 9 


  136 00000144         
  137 00000144         ; Disable timer interrupt    
  138 00000144 E59F005C        LDR              R0, =PIT_BASE
  139 00000148         ; Clear PITIEN bit
  140 00000148 E3A01001        MOV              R1, #1
  141 0000014C E1A01C81        LSL              R1, #25
  142 00000150         
  143 00000150         ; Load to R2 PIT_MR state
  144 00000150 E5902000        LDR              R2, [R0, #PIT_MR]
  145 00000154 E1C22001        BIC              R2, R1
  146 00000158 E5802000        STR              R2, [R0, #PIT_MR]
  147 0000015C         
  148 0000015C E49D2004        POP              {R2}
  149 00000160 E49D1004        POP              {R1}
  150 00000164 E49D0004        POP              {R0}
  151 00000168 E49DF004        POP              {PC}
  152 0000016C         
  153 0000016C                 ENDP
  154 0000016C         
  155 0000016C         EnablePIT
                               PROC
  156 0000016C         
  157 0000016C E52DE004        PUSH             {LR}
  158 00000170 E52D0004        PUSH             {R0}
  159 00000174 E52D1004        PUSH             {R1}
  160 00000178 E52D2004        PUSH             {R2}
  161 0000017C         
  162 0000017C         ; Disable timer interrupt    
  163 0000017C E59F0024        LDR              R0, =PIT_BASE
  164 00000180         ; Clear PITIEN bit
  165 00000180 E3A01001        MOV              R1, #1
  166 00000184 E1A01C81        LSL              R1, #25
  167 00000188         
  168 00000188         ; Load to R2 PIT_MR state
  169 00000188 E5902000        LDR              R2, [R0, #PIT_MR]
  170 0000018C E1822001        ORR              R2, R1
  171 00000190 E5802000        STR              R2, [R0, #PIT_MR]
  172 00000194         
  173 00000194 E49D2004        POP              {R2}
  174 00000198 E49D1004        POP              {R1}
  175 0000019C E49D0004        POP              {R0}
  176 000001A0 E49DF004        POP              {PC}
  177 000001A4         
  178 000001A4                 ENDP
  179 000001A4         
  180 000001A4                 END
              FFFC0000 
              FFFFFD30 
Command Line: --debug --xref --diag_suppress=9931 --apcs=interwork --depend=.\o
bjects\util.d -o.\objects\util.o -ID:\Keil_v5\ARM\RV31\INC -ID:\Keil_v5\ARM\CMS
IS\Include -ID:\Keil_v5\ARM\INC\Atmel\SAM7X --predefine="__UVISION_VERSION SETA
 524" --list=.\listings\util.lst util.s



ARM Macro Assembler    Page 1 Alphabetic symbol ordering
Relocatable symbols

BLINKDELAY 00000000

Symbol: BLINKDELAY
   Definitions
      At line 4 in file util.s
   Uses
      None
Comment: BLINKDELAY unused
DELAY_1 00000014

Symbol: DELAY_1
   Definitions
      At line 12 in file util.s
   Uses
      At line 23 in file util.s
Comment: DELAY_1 used once
DELAY_2 0000001C

Symbol: DELAY_2
   Definitions
      At line 17 in file util.s
   Uses
      At line 20 in file util.s
Comment: DELAY_2 used once
DisablePIT 00000134

Symbol: DisablePIT
   Definitions
      At line 130 in file util.s
   Uses
      None
Comment: DisablePIT unused
EnablePIT 0000016C

Symbol: EnablePIT
   Definitions
      At line 155 in file util.s
   Uses
      None
Comment: EnablePIT unused
GREATER_THAN9 000000E4

Symbol: GREATER_THAN9
   Definitions
      At line 103 in file util.s
   Uses
      At line 96 in file util.s
Comment: GREATER_THAN9 used once
NEXT_CHR 00000098

Symbol: NEXT_CHR
   Definitions
      At line 74 in file util.s
   Uses
      At line 80 in file util.s
Comment: NEXT_CHR used once
STR_END 000000B0

Symbol: STR_END



ARM Macro Assembler    Page 2 Alphabetic symbol ordering
Relocatable symbols

   Definitions
      At line 81 in file util.s
   Uses
      At line 77 in file util.s
Comment: STR_END used once
UART_SEND_CHR 0000003C

Symbol: UART_SEND_CHR
   Definitions
      At line 33 in file util.s
   Uses
      At line 78 in file util.s
      At line 98 in file util.s
      At line 105 in file util.s

UART_SEND_STR 00000088

Symbol: UART_SEND_STR
   Definitions
      At line 66 in file util.s
   Uses
      None
Comment: UART_SEND_STR unused
Util 00000000

Symbol: Util
   Definitions
      At line 2 in file util.s
   Uses
      None
Comment: Util unused
WAIT_SENT 00000058

Symbol: WAIT_SENT
   Definitions
      At line 46 in file util.s
   Uses
      At line 54 in file util.s
Comment: WAIT_SENT used once
WRITE_BYTE_HEX 000000F4

Symbol: WRITE_BYTE_HEX
   Definitions
      At line 110 in file util.s
   Uses
      None
Comment: WRITE_BYTE_HEX unused
WRITE_DIGIT_HEX 000000C0

Symbol: WRITE_DIGIT_HEX
   Definitions
      At line 90 in file util.s
   Uses
      At line 120 in file util.s
      At line 124 in file util.s

14 symbols



ARM Macro Assembler    Page 1 Alphabetic symbol ordering
Absolute symbols

ABT_Stack_Size 00000000

Symbol: ABT_Stack_Size
   Definitions
      At line 20 in file defines.s
   Uses
      At line 26 in file defines.s
Comment: ABT_Stack_Size used once
AIC_BASE FFFFF000

Symbol: AIC_BASE
   Definitions
      At line 129 in file defines.s
   Uses
      None
Comment: AIC_BASE unused
AIC_EOICR 00000130

Symbol: AIC_EOICR
   Definitions
      At line 135 in file defines.s
   Uses
      None
Comment: AIC_EOICR unused
AIC_ICCR 00000128

Symbol: AIC_ICCR
   Definitions
      At line 134 in file defines.s
   Uses
      None
Comment: AIC_ICCR unused
AIC_IECR 00000120

Symbol: AIC_IECR
   Definitions
      At line 133 in file defines.s
   Uses
      None
Comment: AIC_IECR unused
AIC_IMR 00000110

Symbol: AIC_IMR
   Definitions
      At line 132 in file defines.s
   Uses
      None
Comment: AIC_IMR unused
AIC_SMR1 00000004

Symbol: AIC_SMR1
   Definitions
      At line 130 in file defines.s
   Uses
      None
Comment: AIC_SMR1 unused
AIC_SVR1 00000084

Symbol: AIC_SVR1



ARM Macro Assembler    Page 2 Alphabetic symbol ordering
Absolute symbols

   Definitions
      At line 131 in file defines.s
   Uses
      None
Comment: AIC_SVR1 unused
DBGU_BASE FFFFF200

Symbol: DBGU_BASE
   Definitions
      At line 89 in file defines.s
   Uses
      None
Comment: DBGU_BASE unused
DBGU_BRGR 00000020

Symbol: DBGU_BRGR
   Definitions
      At line 110 in file defines.s
   Uses
      None
Comment: DBGU_BRGR unused
DBGU_CR 00000000

Symbol: DBGU_CR
   Definitions
      At line 105 in file defines.s
   Uses
      None
Comment: DBGU_CR unused
DBGU_CSR 00000014

Symbol: DBGU_CSR
   Definitions
      At line 107 in file defines.s
   Uses
      None
Comment: DBGU_CSR unused
DBGU_IDR 0000000C

Symbol: DBGU_IDR
   Definitions
      At line 109 in file defines.s
   Uses
      None
Comment: DBGU_IDR unused
DBGU_MR 00000004

Symbol: DBGU_MR
   Definitions
      At line 106 in file defines.s
   Uses
      None
Comment: DBGU_MR unused
DBGU_PDC_BASE FFFFF300

Symbol: DBGU_PDC_BASE
   Definitions
      At line 114 in file defines.s
   Uses



ARM Macro Assembler    Page 3 Alphabetic symbol ordering
Absolute symbols

      None
Comment: DBGU_PDC_BASE unused
DBGU_PDC_PTCR 00000020

Symbol: DBGU_PDC_PTCR
   Definitions
      At line 115 in file defines.s
   Uses
      None
Comment: DBGU_PDC_PTCR unused
DBGU_THR 0000001C

Symbol: DBGU_THR
   Definitions
      At line 108 in file defines.s
   Uses
      None
Comment: DBGU_THR unused
EFC0_FMR 00000060

Symbol: EFC0_FMR
   Definitions
      At line 43 in file defines.s
   Uses
      None
Comment: EFC0_FMR unused
EFC0_FMR_Val 00320100

Symbol: EFC0_FMR_Val
   Definitions
      At line 47 in file defines.s
   Uses
      None
Comment: EFC0_FMR_Val unused
EFC0_SETUP 00000001

Symbol: EFC0_SETUP
   Definitions
      At line 46 in file defines.s
   Uses
      None
Comment: EFC0_SETUP unused
EFC1_FMR 00000070

Symbol: EFC1_FMR
   Definitions
      At line 44 in file defines.s
   Uses
      None
Comment: EFC1_FMR unused
EFC1_FMR_Val 00320100

Symbol: EFC1_FMR_Val
   Definitions
      At line 50 in file defines.s
   Uses
      None
Comment: EFC1_FMR_Val unused
EFC1_SETUP 00000000



ARM Macro Assembler    Page 4 Alphabetic symbol ordering
Absolute symbols


Symbol: EFC1_SETUP
   Definitions
      At line 49 in file defines.s
   Uses
      None
Comment: EFC1_SETUP unused
EFC_BASE FFFFFF00

Symbol: EFC_BASE
   Definitions
      At line 42 in file defines.s
   Uses
      None
Comment: EFC_BASE unused
FIQ_Stack_Size 00000000

Symbol: FIQ_Stack_Size
   Definitions
      At line 21 in file defines.s
   Uses
      At line 26 in file defines.s
Comment: FIQ_Stack_Size used once
FLASH_BASE 00100000

Symbol: FLASH_BASE
   Definitions
      At line 15 in file defines.s
   Uses
      None
Comment: FLASH_BASE unused
F_Bit 00000040

Symbol: F_Bit
   Definitions
      At line 12 in file defines.s
   Uses
      None
Comment: F_Bit unused
Heap_Size 00000000

Symbol: Heap_Size
   Definitions
      At line 28 in file defines.s
   Uses
      None
Comment: Heap_Size unused
IRQ_Stack_Size 00000080

Symbol: IRQ_Stack_Size
   Definitions
      At line 22 in file defines.s
   Uses
      At line 26 in file defines.s
Comment: IRQ_Stack_Size used once
ISR_Stack_Size 00000088

Symbol: ISR_Stack_Size
   Definitions



ARM Macro Assembler    Page 5 Alphabetic symbol ordering
Absolute symbols

      At line 26 in file defines.s
   Uses
      None
Comment: ISR_Stack_Size unused
I_Bit 00000080

Symbol: I_Bit
   Definitions
      At line 11 in file defines.s
   Uses
      None
Comment: I_Bit unused
Mode_ABT 00000017

Symbol: Mode_ABT
   Definitions
      At line 7 in file defines.s
   Uses
      None
Comment: Mode_ABT unused
Mode_FIQ 00000011

Symbol: Mode_FIQ
   Definitions
      At line 4 in file defines.s
   Uses
      None
Comment: Mode_FIQ unused
Mode_IRQ 00000012

Symbol: Mode_IRQ
   Definitions
      At line 5 in file defines.s
   Uses
      None
Comment: Mode_IRQ unused
Mode_SVC 00000013

Symbol: Mode_SVC
   Definitions
      At line 6 in file defines.s
   Uses
      None
Comment: Mode_SVC unused
Mode_SYS 0000001F

Symbol: Mode_SYS
   Definitions
      At line 9 in file defines.s
   Uses
      None
Comment: Mode_SYS unused
Mode_UND 0000001B

Symbol: Mode_UND
   Definitions
      At line 8 in file defines.s
   Uses
      None



ARM Macro Assembler    Page 6 Alphabetic symbol ordering
Absolute symbols

Comment: Mode_UND unused
Mode_USR 00000010

Symbol: Mode_USR
   Definitions
      At line 3 in file defines.s
   Uses
      None
Comment: Mode_USR unused
PIOA_BASE FFFFF400

Symbol: PIOA_BASE
   Definitions
      At line 87 in file defines.s
   Uses
      None
Comment: PIOA_BASE unused
PIOB_BASE FFFFF600

Symbol: PIOB_BASE
   Definitions
      At line 88 in file defines.s
   Uses
      None
Comment: PIOB_BASE unused
PIO_ASR 00000070

Symbol: PIO_ASR
   Definitions
      At line 100 in file defines.s
   Uses
      None
Comment: PIO_ASR unused
PIO_BSR 00000074

Symbol: PIO_BSR
   Definitions
      At line 101 in file defines.s
   Uses
      None
Comment: PIO_BSR unused
PIO_CODR 00000034

Symbol: PIO_CODR
   Definitions
      At line 99 in file defines.s
   Uses
      None
Comment: PIO_CODR unused
PIO_IFDR 00000024

Symbol: PIO_IFDR
   Definitions
      At line 97 in file defines.s
   Uses
      None
Comment: PIO_IFDR unused
PIO_ODR 00000014




ARM Macro Assembler    Page 7 Alphabetic symbol ordering
Absolute symbols

Symbol: PIO_ODR
   Definitions
      At line 96 in file defines.s
   Uses
      None
Comment: PIO_ODR unused
PIO_OER 00000010

Symbol: PIO_OER
   Definitions
      At line 95 in file defines.s
   Uses
      None
Comment: PIO_OER unused
PIO_PDR 00000004

Symbol: PIO_PDR
   Definitions
      At line 94 in file defines.s
   Uses
      None
Comment: PIO_PDR unused
PIO_SODR 00000030

Symbol: PIO_SODR
   Definitions
      At line 98 in file defines.s
   Uses
      None
Comment: PIO_SODR unused
PIT_BASE FFFFFD30

Symbol: PIT_BASE
   Definitions
      At line 138 in file defines.s
   Uses
      At line 138 in file util.s
      At line 163 in file util.s

PIT_MR 00000000

Symbol: PIT_MR
   Definitions
      At line 139 in file defines.s
   Uses
      At line 144 in file util.s
      At line 146 in file util.s
      At line 169 in file util.s
      At line 171 in file util.s

PIT_PIIR 0000000C

Symbol: PIT_PIIR
   Definitions
      At line 142 in file defines.s
   Uses
      None
Comment: PIT_PIIR unused
PIT_PIVR 00000008



ARM Macro Assembler    Page 8 Alphabetic symbol ordering
Absolute symbols


Symbol: PIT_PIVR
   Definitions
      At line 141 in file defines.s
   Uses
      None
Comment: PIT_PIVR unused
PIT_SR 00000004

Symbol: PIT_SR
   Definitions
      At line 140 in file defines.s
   Uses
      None
Comment: PIT_SR unused
PMC_BASE FFFFFC00

Symbol: PMC_BASE
   Definitions
      At line 60 in file defines.s
   Uses
      None
Comment: PMC_BASE unused
PMC_CSS 00000003

Symbol: PMC_CSS
   Definitions
      At line 75 in file defines.s
   Uses
      None
Comment: PMC_CSS unused
PMC_DIV 000000FF

Symbol: PMC_DIV
   Definitions
      At line 70 in file defines.s
   Uses
      None
Comment: PMC_DIV unused
PMC_LOCK 00000004

Symbol: PMC_LOCK
   Definitions
      At line 78 in file defines.s
   Uses
      None
Comment: PMC_LOCK unused
PMC_MCFR 00000024

Symbol: PMC_MCFR
   Definitions
      At line 63 in file defines.s
   Uses
      None
Comment: PMC_MCFR unused
PMC_MCKR 00000030

Symbol: PMC_MCKR
   Definitions



ARM Macro Assembler    Page 9 Alphabetic symbol ordering
Absolute symbols

      At line 65 in file defines.s
   Uses
      None
Comment: PMC_MCKR unused
PMC_MCKRDY 00000008

Symbol: PMC_MCKRDY
   Definitions
      At line 79 in file defines.s
   Uses
      None
Comment: PMC_MCKRDY unused
PMC_MCKR_Val 00000007

Symbol: PMC_MCKR_Val
   Definitions
      At line 83 in file defines.s
   Uses
      None
Comment: PMC_MCKR_Val unused
PMC_MOR 00000020

Symbol: PMC_MOR
   Definitions
      At line 62 in file defines.s
   Uses
      None
Comment: PMC_MOR unused
PMC_MOR_Val 00000601

Symbol: PMC_MOR_Val
   Definitions
      At line 81 in file defines.s
   Uses
      None
Comment: PMC_MOR_Val unused
PMC_MOSCEN 00000001

Symbol: PMC_MOSCEN
   Definitions
      At line 67 in file defines.s
   Uses
      None
Comment: PMC_MOSCEN unused
PMC_MOSCS 00000001

Symbol: PMC_MOSCS
   Definitions
      At line 77 in file defines.s
   Uses
      None
Comment: PMC_MOSCS unused
PMC_MUL 07FF0000

Symbol: PMC_MUL
   Definitions
      At line 73 in file defines.s
   Uses
      None



ARM Macro Assembler    Page 10 Alphabetic symbol ordering
Absolute symbols

Comment: PMC_MUL unused
PMC_OSCBYPASS 00000002

Symbol: PMC_OSCBYPASS
   Definitions
      At line 68 in file defines.s
   Uses
      None
Comment: PMC_OSCBYPASS unused
PMC_OSCOUNT 0000FF00

Symbol: PMC_OSCOUNT
   Definitions
      At line 69 in file defines.s
   Uses
      None
Comment: PMC_OSCOUNT unused
PMC_OUT 0000C000

Symbol: PMC_OUT
   Definitions
      At line 72 in file defines.s
   Uses
      None
Comment: PMC_OUT unused
PMC_PCER 00000010

Symbol: PMC_PCER
   Definitions
      At line 61 in file defines.s
   Uses
      None
Comment: PMC_PCER unused
PMC_PLLCOUNT 00003F00

Symbol: PMC_PLLCOUNT
   Definitions
      At line 71 in file defines.s
   Uses
      None
Comment: PMC_PLLCOUNT unused
PMC_PLLR 0000002C

Symbol: PMC_PLLR
   Definitions
      At line 64 in file defines.s
   Uses
      None
Comment: PMC_PLLR unused
PMC_PLLR_Val 00191C05

Symbol: PMC_PLLR_Val
   Definitions
      At line 82 in file defines.s
   Uses
      None
Comment: PMC_PLLR_Val unused
PMC_PRES 0000001C




ARM Macro Assembler    Page 11 Alphabetic symbol ordering
Absolute symbols

Symbol: PMC_PRES
   Definitions
      At line 76 in file defines.s
   Uses
      None
Comment: PMC_PRES unused
PMC_SETUP 00000001

Symbol: PMC_SETUP
   Definitions
      At line 80 in file defines.s
   Uses
      None
Comment: PMC_SETUP unused
PMC_SR 00000068

Symbol: PMC_SR
   Definitions
      At line 66 in file defines.s
   Uses
      None
Comment: PMC_SR unused
PMC_USBDIV 30000000

Symbol: PMC_USBDIV
   Definitions
      At line 74 in file defines.s
   Uses
      None
Comment: PMC_USBDIV unused
RAM_BASE 00200000

Symbol: RAM_BASE
   Definitions
      At line 16 in file defines.s
   Uses
      None
Comment: RAM_BASE unused
RSTC_BASE FFFFFD00

Symbol: RSTC_BASE
   Definitions
      At line 33 in file defines.s
   Uses
      None
Comment: RSTC_BASE unused
RSTC_MR 00000008

Symbol: RSTC_MR
   Definitions
      At line 34 in file defines.s
   Uses
      None
Comment: RSTC_MR unused
RSTC_MR_Val A5000401

Symbol: RSTC_MR_Val
   Definitions
      At line 38 in file defines.s



ARM Macro Assembler    Page 12 Alphabetic symbol ordering
Absolute symbols

   Uses
      None
Comment: RSTC_MR_Val unused
RSTC_SETUP 00000001

Symbol: RSTC_SETUP
   Definitions
      At line 37 in file defines.s
   Uses
      None
Comment: RSTC_SETUP unused
SVC_Stack_Size 00000008

Symbol: SVC_Stack_Size
   Definitions
      At line 19 in file defines.s
   Uses
      At line 26 in file defines.s
Comment: SVC_Stack_Size used once
UND_Stack_Size 00000000

Symbol: UND_Stack_Size
   Definitions
      At line 18 in file defines.s
   Uses
      At line 26 in file defines.s
Comment: UND_Stack_Size used once
USART0_BASE FFFC0000

Symbol: USART0_BASE
   Definitions
      At line 119 in file defines.s
   Uses
      At line 40 in file util.s
      At line 48 in file util.s

USART_BRGR 00000020

Symbol: USART_BRGR
   Definitions
      At line 124 in file defines.s
   Uses
      None
Comment: USART_BRGR unused
USART_CR 00000000

Symbol: USART_CR
   Definitions
      At line 120 in file defines.s
   Uses
      None
Comment: USART_CR unused
USART_CSR 00000014

Symbol: USART_CSR
   Definitions
      At line 122 in file defines.s
   Uses
      At line 49 in file util.s



ARM Macro Assembler    Page 13 Alphabetic symbol ordering
Absolute symbols

Comment: USART_CSR used once
USART_IDR 0000000C

Symbol: USART_IDR
   Definitions
      At line 125 in file defines.s
   Uses
      None
Comment: USART_IDR unused
USART_MR 00000004

Symbol: USART_MR
   Definitions
      At line 121 in file defines.s
   Uses
      None
Comment: USART_MR unused
USART_THR 0000001C

Symbol: USART_THR
   Definitions
      At line 123 in file defines.s
   Uses
      At line 42 in file util.s
Comment: USART_THR used once
USR_Stack_Size 00000400

Symbol: USR_Stack_Size
   Definitions
      At line 23 in file defines.s
   Uses
      None
Comment: USR_Stack_Size unused
WDT_BASE FFFFFD40

Symbol: WDT_BASE
   Definitions
      At line 54 in file defines.s
   Uses
      None
Comment: WDT_BASE unused
WDT_MR 00000004

Symbol: WDT_MR
   Definitions
      At line 55 in file defines.s
   Uses
      None
Comment: WDT_MR unused
WDT_MR_Val 00008000

Symbol: WDT_MR_Val
   Definitions
      At line 57 in file defines.s
   Uses
      None
Comment: WDT_MR_Val unused
WDT_SETUP 00000001




ARM Macro Assembler    Page 14 Alphabetic symbol ordering
Absolute symbols

Symbol: WDT_SETUP
   Definitions
      At line 56 in file defines.s
   Uses
      None
Comment: WDT_SETUP unused
96 symbols
443 symbols in table
